# JRE version: Java(TM) SE Runtime Environment (10.0.2+13) (build 10.0.2+13)
# Java VM: Java HotSpot(TM) 64-Bit Server VM (10.0.2+13, mixed mode, tiered, compressed oops, g1 gc, windows-amd64)
Heap:
 garbage-first heap   total 157696K, used 65587K [0x0000000081600000, 0x0000000100000000)
  region size 1024K, 54 young (55296K), 11 survivors (11264K)
 Metaspace       used 53848K, capacity 55277K, committed 55552K, reserved 1097728K
  class space    used 6247K, capacity 6807K, committed 6912K, reserved 1048576K
GC Heap History (10 events):
Event: 0.821 GC heap before
{Heap before GC invocations=1 (full 0):
 garbage-first heap   total 131072K, used 25481K [0x0000000081600000, 0x0000000100000000)
  region size 1024K, 23 young (23552K), 3 survivors (3072K)
 Metaspace       used 18257K, capacity 18510K, committed 18560K, reserved 1064960K
  class space    used 2012K, capacity 2145K, committed 2176K, reserved 1048576K
}
Event: 0.825 GC heap after
{Heap after GC invocations=2 (full 0):
 garbage-first heap   total 131072K, used 6364K [0x0000000081600000, 0x0000000100000000)
  region size 1024K, 2 young (2048K), 2 survivors (2048K)
 Metaspace       used 18257K, capacity 18510K, committed 18560K, reserved 1064960K
  class space    used 2012K, capacity 2145K, committed 2176K, reserved 1048576K
}
Event: 0.931 GC heap before
{Heap before GC invocations=2 (full 0):
 garbage-first heap   total 131072K, used 17628K [0x0000000081600000, 0x0000000100000000)
  region size 1024K, 14 young (14336K), 2 survivors (2048K)
 Metaspace       used 20796K, capacity 21139K, committed 21248K, reserved 1069056K
  class space    used 2301K, capacity 2474K, committed 2560K, reserved 1048576K
}
Event: 0.934 GC heap after
{Heap after GC invocations=3 (full 0):
 garbage-first heap   total 131072K, used 6796K [0x0000000081600000, 0x0000000100000000)
  region size 1024K, 2 young (2048K), 2 survivors (2048K)
 Metaspace       used 20796K, capacity 21139K, committed 21248K, reserved 1069056K
  class space    used 2301K, capacity 2474K, committed 2560K, reserved 1048576K
}
Event: 1.724 GC heap before
{Heap before GC invocations=4 (full 0):
 garbage-first heap   total 131072K, used 69260K [0x0000000081600000, 0x0000000100000000)
  region size 1024K, 63 young (64512K), 2 survivors (2048K)
 Metaspace       used 31119K, capacity 31805K, committed 32000K, reserved 1077248K
  class space    used 3525K, capacity 3808K, committed 3840K, reserved 1048576K
}
Event: 1.735 GC heap after
{Heap after GC invocations=5 (full 0):
 garbage-first heap   total 131072K, used 10829K [0x0000000081600000, 0x0000000100000000)
  region size 1024K, 6 young (6144K), 6 survivors (6144K)
 Metaspace       used 31119K, capacity 31805K, committed 32000K, reserved 1077248K
  class space    used 3525K, capacity 3808K, committed 3840K, reserved 1048576K
}
Event: 2.284 GC heap before
{Heap before GC invocations=5 (full 0):
 garbage-first heap   total 131072K, used 35405K [0x0000000081600000, 0x0000000100000000)
  region size 1024K, 31 young (31744K), 6 survivors (6144K)
 Metaspace       used 34807K, capacity 35696K, committed 35840K, reserved 1081344K
  class space    used 3973K, capacity 4352K, committed 4352K, reserved 1048576K
}
Event: 2.294 GC heap after
{Heap after GC invocations=6 (full 0):
 garbage-first heap   total 157696K, used 12756K [0x0000000081600000, 0x0000000100000000)
  region size 1024K, 7 young (7168K), 7 survivors (7168K)
 Metaspace       used 34807K, capacity 35696K, committed 35840K, reserved 1081344K
  class space    used 3973K, capacity 4352K, committed 4352K, reserved 1048576K
}
Event: 3.819 GC heap before
{Heap before GC invocations=7 (full 0):
 garbage-first heap   total 157696K, used 88532K [0x0000000081600000, 0x0000000100000000)
  region size 1024K, 81 young (82944K), 7 survivors (7168K)
 Metaspace       used 47492K, capacity 48595K, committed 48768K, reserved 1091584K
  class space    used 5532K, capacity 6014K, committed 6016K, reserved 1048576K
}
Event: 3.837 GC heap after
{Heap after GC invocations=8 (full 0):
 garbage-first heap   total 157696K, used 22579K [0x0000000081600000, 0x0000000100000000)
  region size 1024K, 11 young (11264K), 11 survivors (11264K)
 Metaspace       used 47492K, capacity 48595K, committed 48768K, reserved 1091584K
  class space    used 5532K, capacity 6014K, committed 6016K, reserved 1048576K
}

